<?xml version="1.0" encoding="UTF-8"?>
<testng-results skipped="0" failed="1" total="6" passed="5">
  <reporter-output>
  </reporter-output>
  <suite name="Default suite" duration-ms="49" started-at="2021-11-10T10:17:55Z" finished-at="2021-11-10T10:17:55Z">
    <groups>
    </groups>
    <test name="Default test" duration-ms="49" started-at="2021-11-10T10:17:55Z" finished-at="2021-11-10T10:17:55Z">
      <class name="Testing.SampleA">
        <test-method status="PASS" signature="TC0()[pri:0, instance:Testing.SampleA@29ee9faa]" name="TC0" duration-ms="16" started-at="2021-11-10T15:47:55Z" finished-at="2021-11-10T15:47:55Z">
          <reporter-output>
          </reporter-output>
        </test-method> <!-- TC0 -->
        <test-method status="FAIL" signature="TC1()[pri:0, instance:Testing.SampleA@29ee9faa]" name="TC1" duration-ms="0" started-at="2021-11-10T15:47:55Z" finished-at="2021-11-10T15:47:55Z">
          <exception class="java.lang.AssertionError">
            <message>
              <![CDATA[expected [true] but found [false]]]>
            </message>
            <full-stacktrace>
              <![CDATA[java.lang.AssertionError: expected [true] but found [false]
	at org.testng.Assert.fail(Assert.java:94)
	at org.testng.Assert.failNotEquals(Assert.java:513)
	at org.testng.Assert.assertTrue(Assert.java:42)
	at org.testng.Assert.assertTrue(Assert.java:52)
	at Testing.SampleA.TC1(SampleA.java:13)
	at sun.reflect.NativeMethodAccessorImpl.invoke0(Native Method)
	at sun.reflect.NativeMethodAccessorImpl.invoke(Unknown Source)
	at sun.reflect.DelegatingMethodAccessorImpl.invoke(Unknown Source)
	at java.lang.reflect.Method.invoke(Unknown Source)
	at org.testng.internal.MethodInvocationHelper.invokeMethod(MethodInvocationHelper.java:100)
	at org.testng.internal.Invoker.invokeMethod(Invoker.java:646)
	at org.testng.internal.Invoker.invokeTestMethod(Invoker.java:811)
	at org.testng.internal.Invoker.invokeTestMethods(Invoker.java:1129)
	at org.testng.internal.TestMethodWorker.invokeTestMethods(TestMethodWorker.java:129)
	at org.testng.internal.TestMethodWorker.run(TestMethodWorker.java:112)
	at org.testng.TestRunner.privateRun(TestRunner.java:746)
	at org.testng.TestRunner.run(TestRunner.java:600)
	at org.testng.SuiteRunner.runTest(SuiteRunner.java:366)
	at org.testng.SuiteRunner.runSequentially(SuiteRunner.java:361)
	at org.testng.SuiteRunner.privateRun(SuiteRunner.java:319)
	at org.testng.SuiteRunner.run(SuiteRunner.java:268)
	at org.testng.SuiteRunnerWorker.runSuite(SuiteRunnerWorker.java:52)
	at org.testng.SuiteRunnerWorker.run(SuiteRunnerWorker.java:86)
	at org.testng.TestNG.runSuitesSequentially(TestNG.java:1264)
	at org.testng.TestNG.runSuitesLocally(TestNG.java:1189)
	at org.testng.TestNG.runSuites(TestNG.java:1104)
	at org.testng.TestNG.run(TestNG.java:1076)
	at org.testng.remote.AbstractRemoteTestNG.run(AbstractRemoteTestNG.java:126)
	at org.testng.remote.RemoteTestNG.initAndRun(RemoteTestNG.java:152)
	at org.testng.remote.RemoteTestNG.main(RemoteTestNG.java:57)
]]>
            </full-stacktrace>
          </exception> <!-- java.lang.AssertionError -->
          <reporter-output>
          </reporter-output>
        </test-method> <!-- TC1 -->
        <test-method status="PASS" signature="TC2()[pri:0, instance:Testing.SampleA@29ee9faa]" name="TC2" duration-ms="0" started-at="2021-11-10T15:47:55Z" finished-at="2021-11-10T15:47:55Z">
          <reporter-output>
          </reporter-output>
        </test-method> <!-- TC2 -->
        <test-method status="PASS" signature="TC3()[pri:0, instance:Testing.SampleA@29ee9faa]" name="TC3" duration-ms="0" started-at="2021-11-10T15:47:55Z" finished-at="2021-11-10T15:47:55Z">
          <reporter-output>
          </reporter-output>
        </test-method> <!-- TC3 -->
        <test-method status="PASS" signature="TC4()[pri:0, instance:Testing.SampleA@29ee9faa]" name="TC4" duration-ms="0" started-at="2021-11-10T15:47:55Z" finished-at="2021-11-10T15:47:55Z">
          <reporter-output>
          </reporter-output>
        </test-method> <!-- TC4 -->
        <test-method status="PASS" signature="TC5()[pri:0, instance:Testing.SampleA@29ee9faa]" name="TC5" duration-ms="0" started-at="2021-11-10T15:47:55Z" finished-at="2021-11-10T15:47:55Z">
          <reporter-output>
          </reporter-output>
        </test-method> <!-- TC5 -->
      </class> <!-- Testing.SampleA -->
    </test> <!-- Default test -->
  </suite> <!-- Default suite -->
</testng-results>
